<?xml version="1.0" encoding="UTF-8"?>
<!-- Generated by org.testng.reporters.JUnitReportReporter -->
<testsuite hostname="LAPTOP-R2V2MCT2" name="project.Car_loan" tests="1" failures="0" timestamp="20 Nov 2021 21:59:24 GMT" time="0.016" errors="0">
  <testcase name="car_loan" time="0.016" classname="project.Car_loan"/>
</testsuite> <!-- project.Car_loan -->
