<?xml version="1.0" encoding="UTF-8"?>
<!-- Generated by org.testng.reporters.JUnitReportReporter -->
<testsuite hostname="LAPTOP-R2V2MCT2" name="project.Personal_loan" tests="1" failures="0" timestamp="13 Nov 2021 01:05:47 GMT" time="0.001" errors="0">
  <testcase name="personal_loan" time="0.001" classname="project.Personal_loan"/>
</testsuite> <!-- project.Personal_loan -->
