<?xml version="1.0" encoding="UTF-8"?>
<!-- Generated by org.testng.reporters.JUnitReportReporter -->
<testsuite hostname="LAPTOP-R2V2MCT2" name="project.Script1Test" tests="1" failures="0" timestamp="22 Sep 2021 23:23:07 GMT" time="0.002" errors="0">
  <testcase name="f" time="0.002" classname="project.Script1Test"/>
</testsuite> <!-- project.Script1Test -->
